{"C:\\Users\\Jonas Notredame\\Documents\\SD_SEM_TWEE\\node.js\\cycling\\ti-eind-assignment-2223-project-NotredameJonas\\index.js": {"path":"C:\\Users\\Jonas Notredame\\Documents\\SD_SEM_TWEE\\node.js\\cycling\\ti-eind-assignment-2223-project-NotredameJonas\\index.js","statementMap":{"0":{"start":{"line":1,"column":16},"end":{"line":1,"column":34}},"1":{"start":{"line":2,"column":17},"end":{"line":2,"column":36}},"2":{"start":{"line":3,"column":15},"end":{"line":3,"column":32}},"3":{"start":{"line":4,"column":0},"end":{"line":4,"column":16}},"4":{"start":{"line":6,"column":14},"end":{"line":6,"column":40}},"5":{"start":{"line":7,"column":13},"end":{"line":7,"column":38}},"6":{"start":{"line":8,"column":13},"end":{"line":8,"column":38}},"7":{"start":{"line":10,"column":14},"end":{"line":10,"column":39}},"8":{"start":{"line":11,"column":13},"end":{"line":11,"column":37}},"9":{"start":{"line":13,"column":12},"end":{"line":13,"column":21}},"10":{"start":{"line":16,"column":0},"end":{"line":21,"column":69}},"11":{"start":{"line":20,"column":14},"end":{"line":20,"column":52}},"12":{"start":{"line":21,"column":16},"end":{"line":21,"column":67}},"13":{"start":{"line":24,"column":0},"end":{"line":24,"column":24}},"14":{"start":{"line":26,"column":0},"end":{"line":26,"column":29}},"15":{"start":{"line":27,"column":0},"end":{"line":27,"column":27}},"16":{"start":{"line":28,"column":0},"end":{"line":28,"column":27}},"17":{"start":{"line":29,"column":0},"end":{"line":29,"column":29}},"18":{"start":{"line":30,"column":0},"end":{"line":30,"column":27}},"19":{"start":{"line":32,"column":0},"end":{"line":35,"column":3}},"20":{"start":{"line":33,"column":2},"end":{"line":33,"column":43}},"21":{"start":{"line":34,"column":2},"end":{"line":34,"column":66}},"22":{"start":{"line":37,"column":0},"end":{"line":37,"column":21}}},"fnMap":{"0":{"name":"(anonymous_0)","decl":{"start":{"line":20,"column":8},"end":{"line":20,"column":9}},"loc":{"start":{"line":20,"column":14},"end":{"line":20,"column":52}},"line":20},"1":{"name":"(anonymous_1)","decl":{"start":{"line":21,"column":9},"end":{"line":21,"column":10}},"loc":{"start":{"line":21,"column":16},"end":{"line":21,"column":67}},"line":21},"2":{"name":"(anonymous_2)","decl":{"start":{"line":32,"column":8},"end":{"line":32,"column":9}},"loc":{"start":{"line":32,"column":33},"end":{"line":35,"column":1}},"line":32}},"branchMap":{},"s":{"0":5,"1":5,"2":5,"3":5,"4":5,"5":5,"6":5,"7":5,"8":5,"9":5,"10":5,"11":5,"12":0,"13":5,"14":5,"15":5,"16":5,"17":5,"18":5,"19":5,"20":0,"21":0,"22":5},"f":{"0":5,"1":0,"2":0},"b":{},"_coverageSchema":"1a1c01bbd47fc00a2c39e90264f33305004495a9","hash":"fd6e7d12ee00ada4e98e843f1a8a3e59ec76bfc8"}
,"C:\\Users\\Jonas Notredame\\Documents\\SD_SEM_TWEE\\node.js\\cycling\\ti-eind-assignment-2223-project-NotredameJonas\\middleware\\admin.js": {"path":"C:\\Users\\Jonas Notredame\\Documents\\SD_SEM_TWEE\\node.js\\cycling\\ti-eind-assignment-2223-project-NotredameJonas\\middleware\\admin.js","statementMap":{"0":{"start":{"line":2,"column":0},"end":{"line":7,"column":4}},"1":{"start":{"line":3,"column":4},"end":{"line":5,"column":5}},"2":{"start":{"line":4,"column":6},"end":{"line":4,"column":51}},"3":{"start":{"line":6,"column":4},"end":{"line":6,"column":11}}},"fnMap":{"0":{"name":"(anonymous_0)","decl":{"start":{"line":2,"column":17},"end":{"line":2,"column":18}},"loc":{"start":{"line":2,"column":42},"end":{"line":7,"column":3}},"line":2}},"branchMap":{"0":{"loc":{"start":{"line":3,"column":4},"end":{"line":5,"column":5}},"type":"if","locations":[{"start":{"line":3,"column":4},"end":{"line":5,"column":5}},{"start":{},"end":{}}],"line":3}},"s":{"0":5,"1":3,"2":0,"3":3},"f":{"0":3},"b":{"0":[0,3]},"_coverageSchema":"1a1c01bbd47fc00a2c39e90264f33305004495a9","hash":"aa061e703f2f99ec25301e5f3d43fb3fb1494ad3"}
,"C:\\Users\\Jonas Notredame\\Documents\\SD_SEM_TWEE\\node.js\\cycling\\ti-eind-assignment-2223-project-NotredameJonas\\middleware\\auth.js": {"path":"C:\\Users\\Jonas Notredame\\Documents\\SD_SEM_TWEE\\node.js\\cycling\\ti-eind-assignment-2223-project-NotredameJonas\\middleware\\auth.js","statementMap":{"0":{"start":{"line":1,"column":12},"end":{"line":1,"column":35}},"1":{"start":{"line":3,"column":0},"end":{"line":15,"column":1}},"2":{"start":{"line":4,"column":18},"end":{"line":4,"column":44}},"3":{"start":{"line":5,"column":4},"end":{"line":5,"column":79}},"4":{"start":{"line":5,"column":16},"end":{"line":5,"column":79}},"5":{"start":{"line":6,"column":4},"end":{"line":14,"column":5}},"6":{"start":{"line":7,"column":24},"end":{"line":8,"column":38}},"7":{"start":{"line":9,"column":8},"end":{"line":9,"column":27}},"8":{"start":{"line":10,"column":8},"end":{"line":10,"column":15}},"9":{"start":{"line":13,"column":8},"end":{"line":13,"column":46}}},"fnMap":{"0":{"name":"(anonymous_0)","decl":{"start":{"line":3,"column":17},"end":{"line":3,"column":18}},"loc":{"start":{"line":3,"column":43},"end":{"line":15,"column":1}},"line":3}},"branchMap":{"0":{"loc":{"start":{"line":5,"column":4},"end":{"line":5,"column":79}},"type":"if","locations":[{"start":{"line":5,"column":4},"end":{"line":5,"column":79}},{"start":{},"end":{}}],"line":5}},"s":{"0":5,"1":5,"2":10,"3":10,"4":0,"5":10,"6":10,"7":10,"8":10,"9":0},"f":{"0":10},"b":{"0":[0,10]},"_coverageSchema":"1a1c01bbd47fc00a2c39e90264f33305004495a9","hash":"a5e643d588b612ae64992e999ee84050a996a194"}
,"C:\\Users\\Jonas Notredame\\Documents\\SD_SEM_TWEE\\node.js\\cycling\\ti-eind-assignment-2223-project-NotredameJonas\\models\\race.js": {"path":"C:\\Users\\Jonas Notredame\\Documents\\SD_SEM_TWEE\\node.js\\cycling\\ti-eind-assignment-2223-project-NotredameJonas\\models\\race.js","statementMap":{"0":{"start":{"line":1,"column":12},"end":{"line":1,"column":26}},"1":{"start":{"line":2,"column":17},"end":{"line":2,"column":36}},"2":{"start":{"line":5,"column":19},"end":{"line":16,"column":4}},"3":{"start":{"line":18,"column":13},"end":{"line":18,"column":46}},"4":{"start":{"line":21,"column":19},"end":{"line":24,"column":6}},"5":{"start":{"line":26,"column":4},"end":{"line":26,"column":32}},"6":{"start":{"line":29,"column":0},"end":{"line":29,"column":32}},"7":{"start":{"line":30,"column":0},"end":{"line":30,"column":20}},"8":{"start":{"line":31,"column":0},"end":{"line":31,"column":32}}},"fnMap":{"0":{"name":"validateRace","decl":{"start":{"line":20,"column":9},"end":{"line":20,"column":21}},"loc":{"start":{"line":20,"column":28},"end":{"line":27,"column":1}},"line":20}},"branchMap":{},"s":{"0":5,"1":5,"2":5,"3":5,"4":2,"5":2,"6":5,"7":5,"8":5},"f":{"0":2},"b":{},"_coverageSchema":"1a1c01bbd47fc00a2c39e90264f33305004495a9","hash":"a7fec761c91f5fdce1254b0b8521ac5fcec1e216"}
,"C:\\Users\\Jonas Notredame\\Documents\\SD_SEM_TWEE\\node.js\\cycling\\ti-eind-assignment-2223-project-NotredameJonas\\models\\rider.js": {"path":"C:\\Users\\Jonas Notredame\\Documents\\SD_SEM_TWEE\\node.js\\cycling\\ti-eind-assignment-2223-project-NotredameJonas\\models\\rider.js","statementMap":{"0":{"start":{"line":1,"column":12},"end":{"line":1,"column":26}},"1":{"start":{"line":2,"column":20},"end":{"line":2,"column":43}},"2":{"start":{"line":3,"column":17},"end":{"line":3,"column":36}},"3":{"start":{"line":4,"column":21},"end":{"line":4,"column":38}},"4":{"start":{"line":5,"column":21},"end":{"line":5,"column":38}},"5":{"start":{"line":7,"column":14},"end":{"line":26,"column":5}},"6":{"start":{"line":29,"column":4},"end":{"line":29,"column":36}},"7":{"start":{"line":30,"column":19},"end":{"line":35,"column":6}},"8":{"start":{"line":36,"column":4},"end":{"line":36,"column":33}},"9":{"start":{"line":40,"column":2},"end":{"line":40,"column":24}},"10":{"start":{"line":41,"column":2},"end":{"line":41,"column":35}}},"fnMap":{"0":{"name":"validateRider","decl":{"start":{"line":28,"column":11},"end":{"line":28,"column":24}},"loc":{"start":{"line":28,"column":32},"end":{"line":37,"column":3}},"line":28}},"branchMap":{},"s":{"0":5,"1":5,"2":5,"3":5,"4":5,"5":5,"6":2,"7":2,"8":2,"9":5,"10":5},"f":{"0":2},"b":{},"_coverageSchema":"1a1c01bbd47fc00a2c39e90264f33305004495a9","hash":"10959b2dd0aad1f301e540f6a3ad361e52a1b3a5"}
,"C:\\Users\\Jonas Notredame\\Documents\\SD_SEM_TWEE\\node.js\\cycling\\ti-eind-assignment-2223-project-NotredameJonas\\models\\team.js": {"path":"C:\\Users\\Jonas Notredame\\Documents\\SD_SEM_TWEE\\node.js\\cycling\\ti-eind-assignment-2223-project-NotredameJonas\\models\\team.js","statementMap":{"0":{"start":{"line":1,"column":12},"end":{"line":1,"column":26}},"1":{"start":{"line":2,"column":17},"end":{"line":2,"column":36}},"2":{"start":{"line":5,"column":19},"end":{"line":20,"column":4}},"3":{"start":{"line":22,"column":13},"end":{"line":22,"column":46}},"4":{"start":{"line":25,"column":19},"end":{"line":29,"column":6}},"5":{"start":{"line":31,"column":4},"end":{"line":31,"column":32}},"6":{"start":{"line":34,"column":0},"end":{"line":34,"column":32}},"7":{"start":{"line":35,"column":0},"end":{"line":35,"column":20}},"8":{"start":{"line":36,"column":0},"end":{"line":36,"column":32}}},"fnMap":{"0":{"name":"validateTeam","decl":{"start":{"line":24,"column":9},"end":{"line":24,"column":21}},"loc":{"start":{"line":24,"column":28},"end":{"line":32,"column":3}},"line":24}},"branchMap":{},"s":{"0":5,"1":5,"2":5,"3":5,"4":2,"5":2,"6":5,"7":5,"8":5},"f":{"0":2},"b":{},"_coverageSchema":"1a1c01bbd47fc00a2c39e90264f33305004495a9","hash":"4955bc5b060cb641671fd3b21854f52c46c2bff7"}
,"C:\\Users\\Jonas Notredame\\Documents\\SD_SEM_TWEE\\node.js\\cycling\\ti-eind-assignment-2223-project-NotredameJonas\\models\\user.js": {"path":"C:\\Users\\Jonas Notredame\\Documents\\SD_SEM_TWEE\\node.js\\cycling\\ti-eind-assignment-2223-project-NotredameJonas\\models\\user.js","statementMap":{"0":{"start":{"line":1,"column":12},"end":{"line":1,"column":26}},"1":{"start":{"line":2,"column":17},"end":{"line":2,"column":36}},"2":{"start":{"line":3,"column":12},"end":{"line":3,"column":35}},"3":{"start":{"line":5,"column":19},"end":{"line":25,"column":2}},"4":{"start":{"line":27,"column":0},"end":{"line":30,"column":1}},"5":{"start":{"line":28,"column":18},"end":{"line":28,"column":95}},"6":{"start":{"line":29,"column":4},"end":{"line":29,"column":17}},"7":{"start":{"line":32,"column":13},"end":{"line":32,"column":47}},"8":{"start":{"line":35,"column":19},"end":{"line":39,"column":6}},"9":{"start":{"line":41,"column":4},"end":{"line":41,"column":33}},"10":{"start":{"line":44,"column":0},"end":{"line":44,"column":20}},"11":{"start":{"line":45,"column":0},"end":{"line":45,"column":32}}},"fnMap":{"0":{"name":"(anonymous_0)","decl":{"start":{"line":27,"column":39},"end":{"line":27,"column":40}},"loc":{"start":{"line":27,"column":51},"end":{"line":30,"column":1}},"line":27},"1":{"name":"validateUser","decl":{"start":{"line":34,"column":9},"end":{"line":34,"column":21}},"loc":{"start":{"line":34,"column":28},"end":{"line":42,"column":1}},"line":34}},"branchMap":{},"s":{"0":5,"1":5,"2":5,"3":5,"4":5,"5":1,"6":1,"7":5,"8":1,"9":1,"10":5,"11":5},"f":{"0":1,"1":1},"b":{},"_coverageSchema":"1a1c01bbd47fc00a2c39e90264f33305004495a9","hash":"5ff07ad91d006d46dcd7f4541149bb69490905cb"}
,"C:\\Users\\Jonas Notredame\\Documents\\SD_SEM_TWEE\\node.js\\cycling\\ti-eind-assignment-2223-project-NotredameJonas\\routes\\auth.js": {"path":"C:\\Users\\Jonas Notredame\\Documents\\SD_SEM_TWEE\\node.js\\cycling\\ti-eind-assignment-2223-project-NotredameJonas\\routes\\auth.js","statementMap":{"0":{"start":{"line":1,"column":17},"end":{"line":1,"column":36}},"1":{"start":{"line":2,"column":12},"end":{"line":2,"column":26}},"2":{"start":{"line":3,"column":16},"end":{"line":3,"column":34}},"3":{"start":{"line":4,"column":15},"end":{"line":4,"column":31}},"4":{"start":{"line":5,"column":10},"end":{"line":5,"column":27}},"5":{"start":{"line":6,"column":15},"end":{"line":6,"column":32}},"6":{"start":{"line":7,"column":12},"end":{"line":7,"column":35}},"7":{"start":{"line":9,"column":17},"end":{"line":9,"column":42}},"8":{"start":{"line":12,"column":0},"end":{"line":30,"column":3}},"9":{"start":{"line":13,"column":22},"end":{"line":13,"column":40}},"10":{"start":{"line":14,"column":4},"end":{"line":14,"column":69}},"11":{"start":{"line":14,"column":15},"end":{"line":14,"column":69}},"12":{"start":{"line":16,"column":4},"end":{"line":29,"column":7}},"13":{"start":{"line":17,"column":19},"end":{"line":17,"column":64}},"14":{"start":{"line":18,"column":8},"end":{"line":18,"column":76}},"15":{"start":{"line":18,"column":19},"end":{"line":18,"column":76}},"16":{"start":{"line":20,"column":30},"end":{"line":20,"column":84}},"17":{"start":{"line":21,"column":8},"end":{"line":21,"column":85}},"18":{"start":{"line":21,"column":28},"end":{"line":21,"column":85}},"19":{"start":{"line":23,"column":22},"end":{"line":23,"column":46}},"20":{"start":{"line":25,"column":8},"end":{"line":25,"column":24}},"21":{"start":{"line":28,"column":8},"end":{"line":28,"column":68}},"22":{"start":{"line":33,"column":19},"end":{"line":36,"column":6}},"23":{"start":{"line":38,"column":4},"end":{"line":38,"column":32}},"24":{"start":{"line":41,"column":0},"end":{"line":41,"column":24}}},"fnMap":{"0":{"name":"(anonymous_0)","decl":{"start":{"line":12,"column":17},"end":{"line":12,"column":18}},"loc":{"start":{"line":12,"column":37},"end":{"line":30,"column":1}},"line":12},"1":{"name":"validate","decl":{"start":{"line":32,"column":9},"end":{"line":32,"column":17}},"loc":{"start":{"line":32,"column":23},"end":{"line":39,"column":1}},"line":32}},"branchMap":{"0":{"loc":{"start":{"line":14,"column":4},"end":{"line":14,"column":69}},"type":"if","locations":[{"start":{"line":14,"column":4},"end":{"line":14,"column":69}},{"start":{},"end":{}}],"line":14},"1":{"loc":{"start":{"line":18,"column":8},"end":{"line":18,"column":76}},"type":"if","locations":[{"start":{"line":18,"column":8},"end":{"line":18,"column":76}},{"start":{},"end":{}}],"line":18},"2":{"loc":{"start":{"line":21,"column":8},"end":{"line":21,"column":85}},"type":"if","locations":[{"start":{"line":21,"column":8},"end":{"line":21,"column":85}},{"start":{},"end":{}}],"line":21}},"s":{"0":5,"1":5,"2":5,"3":5,"4":5,"5":5,"6":5,"7":5,"8":5,"9":1,"10":1,"11":0,"12":1,"13":1,"14":1,"15":0,"16":1,"17":1,"18":0,"19":1,"20":1,"21":0,"22":1,"23":1,"24":5},"f":{"0":1,"1":1},"b":{"0":[0,1],"1":[0,1],"2":[0,1]},"_coverageSchema":"1a1c01bbd47fc00a2c39e90264f33305004495a9","hash":"dfacc13919e6cca400127f59069451d7b507f732"}
,"C:\\Users\\Jonas Notredame\\Documents\\SD_SEM_TWEE\\node.js\\cycling\\ti-eind-assignment-2223-project-NotredameJonas\\routes\\races.js": {"path":"C:\\Users\\Jonas Notredame\\Documents\\SD_SEM_TWEE\\node.js\\cycling\\ti-eind-assignment-2223-project-NotredameJonas\\routes\\races.js","statementMap":{"0":{"start":{"line":1,"column":16},"end":{"line":1,"column":34}},"1":{"start":{"line":2,"column":17},"end":{"line":2,"column":36}},"2":{"start":{"line":3,"column":15},"end":{"line":3,"column":31}},"3":{"start":{"line":4,"column":13},"end":{"line":4,"column":42}},"4":{"start":{"line":5,"column":14},"end":{"line":5,"column":44}},"5":{"start":{"line":7,"column":27},"end":{"line":7,"column":52}},"6":{"start":{"line":10,"column":0},"end":{"line":20,"column":3}},"7":{"start":{"line":11,"column":2},"end":{"line":19,"column":3}},"8":{"start":{"line":12,"column":18},"end":{"line":12,"column":48}},"9":{"start":{"line":13,"column":4},"end":{"line":13,"column":62}},"10":{"start":{"line":13,"column":16},"end":{"line":13,"column":62}},"11":{"start":{"line":15,"column":4},"end":{"line":15,"column":20}},"12":{"start":{"line":18,"column":4},"end":{"line":18,"column":74}},"13":{"start":{"line":23,"column":0},"end":{"line":33,"column":3}},"14":{"start":{"line":24,"column":2},"end":{"line":32,"column":3}},"15":{"start":{"line":25,"column":17},"end":{"line":25,"column":51}},"16":{"start":{"line":26,"column":4},"end":{"line":26,"column":88}},"17":{"start":{"line":26,"column":15},"end":{"line":26,"column":88}},"18":{"start":{"line":28,"column":4},"end":{"line":28,"column":19}},"19":{"start":{"line":31,"column":4},"end":{"line":31,"column":78}},"20":{"start":{"line":36,"column":0},"end":{"line":53,"column":3}},"21":{"start":{"line":37,"column":20},"end":{"line":37,"column":38}},"22":{"start":{"line":38,"column":2},"end":{"line":38,"column":67}},"23":{"start":{"line":38,"column":13},"end":{"line":38,"column":67}},"24":{"start":{"line":40,"column":2},"end":{"line":52,"column":3}},"25":{"start":{"line":41,"column":15},"end":{"line":44,"column":6}},"26":{"start":{"line":46,"column":4},"end":{"line":46,"column":29}},"27":{"start":{"line":48,"column":4},"end":{"line":48,"column":19}},"28":{"start":{"line":51,"column":4},"end":{"line":51,"column":75}},"29":{"start":{"line":56,"column":0},"end":{"line":74,"column":3}},"30":{"start":{"line":57,"column":20},"end":{"line":57,"column":38}},"31":{"start":{"line":58,"column":2},"end":{"line":58,"column":67}},"32":{"start":{"line":58,"column":13},"end":{"line":58,"column":67}},"33":{"start":{"line":60,"column":2},"end":{"line":73,"column":3}},"34":{"start":{"line":61,"column":17},"end":{"line":65,"column":19}},"35":{"start":{"line":67,"column":4},"end":{"line":67,"column":88}},"36":{"start":{"line":67,"column":15},"end":{"line":67,"column":88}},"37":{"start":{"line":69,"column":4},"end":{"line":69,"column":19}},"38":{"start":{"line":72,"column":4},"end":{"line":72,"column":78}},"39":{"start":{"line":77,"column":0},"end":{"line":87,"column":3}},"40":{"start":{"line":78,"column":2},"end":{"line":86,"column":3}},"41":{"start":{"line":79,"column":17},"end":{"line":79,"column":60}},"42":{"start":{"line":80,"column":4},"end":{"line":80,"column":88}},"43":{"start":{"line":80,"column":15},"end":{"line":80,"column":88}},"44":{"start":{"line":82,"column":4},"end":{"line":82,"column":19}},"45":{"start":{"line":85,"column":4},"end":{"line":85,"column":81}},"46":{"start":{"line":89,"column":0},"end":{"line":89,"column":24}}},"fnMap":{"0":{"name":"(anonymous_0)","decl":{"start":{"line":10,"column":16},"end":{"line":10,"column":17}},"loc":{"start":{"line":10,"column":36},"end":{"line":20,"column":1}},"line":10},"1":{"name":"(anonymous_1)","decl":{"start":{"line":23,"column":19},"end":{"line":23,"column":20}},"loc":{"start":{"line":23,"column":38},"end":{"line":33,"column":1}},"line":23},"2":{"name":"(anonymous_2)","decl":{"start":{"line":36,"column":23},"end":{"line":36,"column":24}},"loc":{"start":{"line":36,"column":42},"end":{"line":53,"column":1}},"line":36},"3":{"name":"(anonymous_3)","decl":{"start":{"line":56,"column":24},"end":{"line":56,"column":25}},"loc":{"start":{"line":56,"column":43},"end":{"line":74,"column":1}},"line":56},"4":{"name":"(anonymous_4)","decl":{"start":{"line":77,"column":37},"end":{"line":77,"column":38}},"loc":{"start":{"line":77,"column":56},"end":{"line":87,"column":1}},"line":77}},"branchMap":{"0":{"loc":{"start":{"line":13,"column":4},"end":{"line":13,"column":62}},"type":"if","locations":[{"start":{"line":13,"column":4},"end":{"line":13,"column":62}},{"start":{},"end":{}}],"line":13},"1":{"loc":{"start":{"line":26,"column":4},"end":{"line":26,"column":88}},"type":"if","locations":[{"start":{"line":26,"column":4},"end":{"line":26,"column":88}},{"start":{},"end":{}}],"line":26},"2":{"loc":{"start":{"line":38,"column":2},"end":{"line":38,"column":67}},"type":"if","locations":[{"start":{"line":38,"column":2},"end":{"line":38,"column":67}},{"start":{},"end":{}}],"line":38},"3":{"loc":{"start":{"line":58,"column":2},"end":{"line":58,"column":67}},"type":"if","locations":[{"start":{"line":58,"column":2},"end":{"line":58,"column":67}},{"start":{},"end":{}}],"line":58},"4":{"loc":{"start":{"line":67,"column":4},"end":{"line":67,"column":88}},"type":"if","locations":[{"start":{"line":67,"column":4},"end":{"line":67,"column":88}},{"start":{},"end":{}}],"line":67},"5":{"loc":{"start":{"line":80,"column":4},"end":{"line":80,"column":88}},"type":"if","locations":[{"start":{"line":80,"column":4},"end":{"line":80,"column":88}},{"start":{},"end":{}}],"line":80}},"s":{"0":5,"1":5,"2":5,"3":5,"4":5,"5":5,"6":5,"7":1,"8":1,"9":1,"10":0,"11":1,"12":0,"13":5,"14":1,"15":1,"16":1,"17":0,"18":1,"19":0,"20":5,"21":1,"22":1,"23":0,"24":1,"25":1,"26":1,"27":1,"28":0,"29":5,"30":1,"31":1,"32":0,"33":1,"34":1,"35":1,"36":0,"37":1,"38":0,"39":5,"40":1,"41":1,"42":1,"43":1,"44":0,"45":0,"46":5},"f":{"0":1,"1":1,"2":1,"3":1,"4":1},"b":{"0":[0,1],"1":[0,1],"2":[0,1],"3":[0,1],"4":[0,1],"5":[1,0]},"_coverageSchema":"1a1c01bbd47fc00a2c39e90264f33305004495a9","hash":"190cf936f4c6ecdc505b37243750e2443226db9d"}
,"C:\\Users\\Jonas Notredame\\Documents\\SD_SEM_TWEE\\node.js\\cycling\\ti-eind-assignment-2223-project-NotredameJonas\\routes\\riders.js": {"path":"C:\\Users\\Jonas Notredame\\Documents\\SD_SEM_TWEE\\node.js\\cycling\\ti-eind-assignment-2223-project-NotredameJonas\\routes\\riders.js","statementMap":{"0":{"start":{"line":1,"column":16},"end":{"line":1,"column":34}},"1":{"start":{"line":2,"column":17},"end":{"line":2,"column":36}},"2":{"start":{"line":3,"column":15},"end":{"line":3,"column":31}},"3":{"start":{"line":4,"column":13},"end":{"line":4,"column":42}},"4":{"start":{"line":5,"column":14},"end":{"line":5,"column":44}},"5":{"start":{"line":7,"column":26},"end":{"line":7,"column":52}},"6":{"start":{"line":8,"column":15},"end":{"line":8,"column":40}},"7":{"start":{"line":9,"column":15},"end":{"line":9,"column":40}},"8":{"start":{"line":12,"column":0},"end":{"line":23,"column":3}},"9":{"start":{"line":13,"column":2},"end":{"line":21,"column":3}},"10":{"start":{"line":14,"column":19},"end":{"line":14,"column":50}},"11":{"start":{"line":15,"column":4},"end":{"line":15,"column":64}},"12":{"start":{"line":15,"column":17},"end":{"line":15,"column":64}},"13":{"start":{"line":17,"column":4},"end":{"line":17,"column":21}},"14":{"start":{"line":20,"column":4},"end":{"line":20,"column":75}},"15":{"start":{"line":26,"column":0},"end":{"line":37,"column":3}},"16":{"start":{"line":27,"column":2},"end":{"line":35,"column":3}},"17":{"start":{"line":28,"column":18},"end":{"line":28,"column":53}},"18":{"start":{"line":29,"column":4},"end":{"line":29,"column":90}},"19":{"start":{"line":29,"column":16},"end":{"line":29,"column":90}},"20":{"start":{"line":31,"column":4},"end":{"line":31,"column":20}},"21":{"start":{"line":34,"column":4},"end":{"line":34,"column":79}},"22":{"start":{"line":40,"column":0},"end":{"line":72,"column":3}},"23":{"start":{"line":41,"column":2},"end":{"line":70,"column":3}},"24":{"start":{"line":42,"column":22},"end":{"line":42,"column":40}},"25":{"start":{"line":43,"column":4},"end":{"line":43,"column":69}},"26":{"start":{"line":43,"column":15},"end":{"line":43,"column":69}},"27":{"start":{"line":45,"column":17},"end":{"line":45,"column":53}},"28":{"start":{"line":46,"column":4},"end":{"line":46,"column":60}},"29":{"start":{"line":46,"column":15},"end":{"line":46,"column":60}},"30":{"start":{"line":48,"column":17},"end":{"line":48,"column":53}},"31":{"start":{"line":49,"column":4},"end":{"line":49,"column":60}},"32":{"start":{"line":49,"column":15},"end":{"line":49,"column":60}},"33":{"start":{"line":51,"column":16},"end":{"line":65,"column":6}},"34":{"start":{"line":66,"column":4},"end":{"line":66,"column":23}},"35":{"start":{"line":67,"column":4},"end":{"line":67,"column":20}},"36":{"start":{"line":69,"column":4},"end":{"line":69,"column":76}},"37":{"start":{"line":75,"column":0},"end":{"line":111,"column":3}},"38":{"start":{"line":76,"column":2},"end":{"line":109,"column":3}},"39":{"start":{"line":77,"column":22},"end":{"line":77,"column":40}},"40":{"start":{"line":78,"column":4},"end":{"line":78,"column":69}},"41":{"start":{"line":78,"column":15},"end":{"line":78,"column":69}},"42":{"start":{"line":80,"column":17},"end":{"line":80,"column":53}},"43":{"start":{"line":81,"column":4},"end":{"line":81,"column":60}},"44":{"start":{"line":81,"column":15},"end":{"line":81,"column":60}},"45":{"start":{"line":83,"column":17},"end":{"line":83,"column":53}},"46":{"start":{"line":84,"column":4},"end":{"line":84,"column":60}},"47":{"start":{"line":84,"column":15},"end":{"line":84,"column":60}},"48":{"start":{"line":86,"column":18},"end":{"line":102,"column":19}},"49":{"start":{"line":104,"column":6},"end":{"line":104,"column":92}},"50":{"start":{"line":104,"column":18},"end":{"line":104,"column":92}},"51":{"start":{"line":106,"column":6},"end":{"line":106,"column":22}},"52":{"start":{"line":108,"column":4},"end":{"line":108,"column":79}},"53":{"start":{"line":114,"column":0},"end":{"line":125,"column":3}},"54":{"start":{"line":115,"column":2},"end":{"line":123,"column":3}},"55":{"start":{"line":116,"column":18},"end":{"line":116,"column":62}},"56":{"start":{"line":117,"column":4},"end":{"line":117,"column":90}},"57":{"start":{"line":117,"column":16},"end":{"line":117,"column":90}},"58":{"start":{"line":119,"column":4},"end":{"line":119,"column":20}},"59":{"start":{"line":122,"column":4},"end":{"line":122,"column":82}},"60":{"start":{"line":127,"column":0},"end":{"line":127,"column":24}}},"fnMap":{"0":{"name":"(anonymous_0)","decl":{"start":{"line":12,"column":16},"end":{"line":12,"column":17}},"loc":{"start":{"line":12,"column":36},"end":{"line":23,"column":1}},"line":12},"1":{"name":"(anonymous_1)","decl":{"start":{"line":26,"column":19},"end":{"line":26,"column":20}},"loc":{"start":{"line":26,"column":38},"end":{"line":37,"column":1}},"line":26},"2":{"name":"(anonymous_2)","decl":{"start":{"line":40,"column":22},"end":{"line":40,"column":23}},"loc":{"start":{"line":40,"column":41},"end":{"line":72,"column":1}},"line":40},"3":{"name":"(anonymous_3)","decl":{"start":{"line":75,"column":24},"end":{"line":75,"column":25}},"loc":{"start":{"line":75,"column":43},"end":{"line":111,"column":1}},"line":75},"4":{"name":"(anonymous_4)","decl":{"start":{"line":114,"column":37},"end":{"line":114,"column":38}},"loc":{"start":{"line":114,"column":56},"end":{"line":125,"column":1}},"line":114}},"branchMap":{"0":{"loc":{"start":{"line":15,"column":4},"end":{"line":15,"column":64}},"type":"if","locations":[{"start":{"line":15,"column":4},"end":{"line":15,"column":64}},{"start":{},"end":{}}],"line":15},"1":{"loc":{"start":{"line":29,"column":4},"end":{"line":29,"column":90}},"type":"if","locations":[{"start":{"line":29,"column":4},"end":{"line":29,"column":90}},{"start":{},"end":{}}],"line":29},"2":{"loc":{"start":{"line":43,"column":4},"end":{"line":43,"column":69}},"type":"if","locations":[{"start":{"line":43,"column":4},"end":{"line":43,"column":69}},{"start":{},"end":{}}],"line":43},"3":{"loc":{"start":{"line":46,"column":4},"end":{"line":46,"column":60}},"type":"if","locations":[{"start":{"line":46,"column":4},"end":{"line":46,"column":60}},{"start":{},"end":{}}],"line":46},"4":{"loc":{"start":{"line":49,"column":4},"end":{"line":49,"column":60}},"type":"if","locations":[{"start":{"line":49,"column":4},"end":{"line":49,"column":60}},{"start":{},"end":{}}],"line":49},"5":{"loc":{"start":{"line":78,"column":4},"end":{"line":78,"column":69}},"type":"if","locations":[{"start":{"line":78,"column":4},"end":{"line":78,"column":69}},{"start":{},"end":{}}],"line":78},"6":{"loc":{"start":{"line":81,"column":4},"end":{"line":81,"column":60}},"type":"if","locations":[{"start":{"line":81,"column":4},"end":{"line":81,"column":60}},{"start":{},"end":{}}],"line":81},"7":{"loc":{"start":{"line":84,"column":4},"end":{"line":84,"column":60}},"type":"if","locations":[{"start":{"line":84,"column":4},"end":{"line":84,"column":60}},{"start":{},"end":{}}],"line":84},"8":{"loc":{"start":{"line":104,"column":6},"end":{"line":104,"column":92}},"type":"if","locations":[{"start":{"line":104,"column":6},"end":{"line":104,"column":92}},{"start":{},"end":{}}],"line":104},"9":{"loc":{"start":{"line":117,"column":4},"end":{"line":117,"column":90}},"type":"if","locations":[{"start":{"line":117,"column":4},"end":{"line":117,"column":90}},{"start":{},"end":{}}],"line":117}},"s":{"0":5,"1":5,"2":5,"3":5,"4":5,"5":5,"6":5,"7":5,"8":5,"9":1,"10":1,"11":1,"12":0,"13":1,"14":0,"15":5,"16":1,"17":1,"18":1,"19":0,"20":1,"21":0,"22":5,"23":1,"24":1,"25":1,"26":0,"27":1,"28":1,"29":0,"30":1,"31":1,"32":0,"33":1,"34":1,"35":1,"36":0,"37":5,"38":1,"39":1,"40":1,"41":0,"42":1,"43":1,"44":0,"45":1,"46":1,"47":0,"48":1,"49":1,"50":0,"51":1,"52":0,"53":5,"54":1,"55":1,"56":1,"57":1,"58":0,"59":0,"60":5},"f":{"0":1,"1":1,"2":1,"3":1,"4":1},"b":{"0":[0,1],"1":[0,1],"2":[0,1],"3":[0,1],"4":[0,1],"5":[0,1],"6":[0,1],"7":[0,1],"8":[0,1],"9":[1,0]},"_coverageSchema":"1a1c01bbd47fc00a2c39e90264f33305004495a9","hash":"c39771aa29d3a33d7e5ba35aa1343fdd958e11a2"}
,"C:\\Users\\Jonas Notredame\\Documents\\SD_SEM_TWEE\\node.js\\cycling\\ti-eind-assignment-2223-project-NotredameJonas\\routes\\teams.js": {"path":"C:\\Users\\Jonas Notredame\\Documents\\SD_SEM_TWEE\\node.js\\cycling\\ti-eind-assignment-2223-project-NotredameJonas\\routes\\teams.js","statementMap":{"0":{"start":{"line":1,"column":16},"end":{"line":1,"column":34}},"1":{"start":{"line":2,"column":17},"end":{"line":2,"column":36}},"2":{"start":{"line":3,"column":15},"end":{"line":3,"column":31}},"3":{"start":{"line":4,"column":27},"end":{"line":4,"column":52}},"4":{"start":{"line":5,"column":13},"end":{"line":5,"column":42}},"5":{"start":{"line":6,"column":14},"end":{"line":6,"column":44}},"6":{"start":{"line":9,"column":0},"end":{"line":20,"column":3}},"7":{"start":{"line":10,"column":2},"end":{"line":18,"column":3}},"8":{"start":{"line":11,"column":18},"end":{"line":11,"column":48}},"9":{"start":{"line":12,"column":4},"end":{"line":12,"column":62}},"10":{"start":{"line":12,"column":16},"end":{"line":12,"column":62}},"11":{"start":{"line":14,"column":4},"end":{"line":14,"column":20}},"12":{"start":{"line":17,"column":4},"end":{"line":17,"column":73}},"13":{"start":{"line":23,"column":0},"end":{"line":33,"column":3}},"14":{"start":{"line":24,"column":2},"end":{"line":32,"column":3}},"15":{"start":{"line":25,"column":17},"end":{"line":25,"column":51}},"16":{"start":{"line":26,"column":4},"end":{"line":26,"column":88}},"17":{"start":{"line":26,"column":15},"end":{"line":26,"column":88}},"18":{"start":{"line":28,"column":4},"end":{"line":28,"column":19}},"19":{"start":{"line":31,"column":4},"end":{"line":31,"column":77}},"20":{"start":{"line":36,"column":0},"end":{"line":53,"column":3}},"21":{"start":{"line":37,"column":20},"end":{"line":37,"column":38}},"22":{"start":{"line":38,"column":2},"end":{"line":38,"column":67}},"23":{"start":{"line":38,"column":13},"end":{"line":38,"column":67}},"24":{"start":{"line":40,"column":2},"end":{"line":52,"column":3}},"25":{"start":{"line":41,"column":15},"end":{"line":45,"column":6}},"26":{"start":{"line":46,"column":4},"end":{"line":46,"column":29}},"27":{"start":{"line":48,"column":4},"end":{"line":48,"column":19}},"28":{"start":{"line":51,"column":4},"end":{"line":51,"column":73}},"29":{"start":{"line":56,"column":0},"end":{"line":74,"column":3}},"30":{"start":{"line":57,"column":20},"end":{"line":57,"column":38}},"31":{"start":{"line":58,"column":2},"end":{"line":58,"column":67}},"32":{"start":{"line":58,"column":13},"end":{"line":58,"column":67}},"33":{"start":{"line":60,"column":2},"end":{"line":73,"column":3}},"34":{"start":{"line":61,"column":17},"end":{"line":66,"column":19}},"35":{"start":{"line":67,"column":6},"end":{"line":67,"column":90}},"36":{"start":{"line":67,"column":17},"end":{"line":67,"column":90}},"37":{"start":{"line":69,"column":6},"end":{"line":69,"column":21}},"38":{"start":{"line":72,"column":4},"end":{"line":72,"column":76}},"39":{"start":{"line":77,"column":0},"end":{"line":87,"column":3}},"40":{"start":{"line":78,"column":2},"end":{"line":86,"column":3}},"41":{"start":{"line":79,"column":17},"end":{"line":79,"column":60}},"42":{"start":{"line":80,"column":4},"end":{"line":80,"column":88}},"43":{"start":{"line":80,"column":15},"end":{"line":80,"column":88}},"44":{"start":{"line":82,"column":4},"end":{"line":82,"column":19}},"45":{"start":{"line":85,"column":4},"end":{"line":85,"column":80}},"46":{"start":{"line":89,"column":0},"end":{"line":89,"column":24}}},"fnMap":{"0":{"name":"(anonymous_0)","decl":{"start":{"line":9,"column":16},"end":{"line":9,"column":17}},"loc":{"start":{"line":9,"column":36},"end":{"line":20,"column":1}},"line":9},"1":{"name":"(anonymous_1)","decl":{"start":{"line":23,"column":19},"end":{"line":23,"column":20}},"loc":{"start":{"line":23,"column":38},"end":{"line":33,"column":1}},"line":23},"2":{"name":"(anonymous_2)","decl":{"start":{"line":36,"column":22},"end":{"line":36,"column":23}},"loc":{"start":{"line":36,"column":41},"end":{"line":53,"column":1}},"line":36},"3":{"name":"(anonymous_3)","decl":{"start":{"line":56,"column":24},"end":{"line":56,"column":25}},"loc":{"start":{"line":56,"column":43},"end":{"line":74,"column":1}},"line":56},"4":{"name":"(anonymous_4)","decl":{"start":{"line":77,"column":37},"end":{"line":77,"column":38}},"loc":{"start":{"line":77,"column":56},"end":{"line":87,"column":1}},"line":77}},"branchMap":{"0":{"loc":{"start":{"line":12,"column":4},"end":{"line":12,"column":62}},"type":"if","locations":[{"start":{"line":12,"column":4},"end":{"line":12,"column":62}},{"start":{},"end":{}}],"line":12},"1":{"loc":{"start":{"line":26,"column":4},"end":{"line":26,"column":88}},"type":"if","locations":[{"start":{"line":26,"column":4},"end":{"line":26,"column":88}},{"start":{},"end":{}}],"line":26},"2":{"loc":{"start":{"line":38,"column":2},"end":{"line":38,"column":67}},"type":"if","locations":[{"start":{"line":38,"column":2},"end":{"line":38,"column":67}},{"start":{},"end":{}}],"line":38},"3":{"loc":{"start":{"line":58,"column":2},"end":{"line":58,"column":67}},"type":"if","locations":[{"start":{"line":58,"column":2},"end":{"line":58,"column":67}},{"start":{},"end":{}}],"line":58},"4":{"loc":{"start":{"line":67,"column":6},"end":{"line":67,"column":90}},"type":"if","locations":[{"start":{"line":67,"column":6},"end":{"line":67,"column":90}},{"start":{},"end":{}}],"line":67},"5":{"loc":{"start":{"line":80,"column":4},"end":{"line":80,"column":88}},"type":"if","locations":[{"start":{"line":80,"column":4},"end":{"line":80,"column":88}},{"start":{},"end":{}}],"line":80}},"s":{"0":5,"1":5,"2":5,"3":5,"4":5,"5":5,"6":5,"7":1,"8":1,"9":1,"10":0,"11":1,"12":0,"13":5,"14":1,"15":1,"16":1,"17":0,"18":1,"19":0,"20":5,"21":1,"22":1,"23":0,"24":1,"25":1,"26":1,"27":1,"28":0,"29":5,"30":1,"31":1,"32":0,"33":1,"34":1,"35":1,"36":0,"37":1,"38":0,"39":5,"40":1,"41":1,"42":1,"43":1,"44":0,"45":0,"46":5},"f":{"0":1,"1":1,"2":1,"3":1,"4":1},"b":{"0":[0,1],"1":[0,1],"2":[0,1],"3":[0,1],"4":[0,1],"5":[1,0]},"_coverageSchema":"1a1c01bbd47fc00a2c39e90264f33305004495a9","hash":"8ab9b6e26b0d77c13d16ce72a93cd6def1622124"}
,"C:\\Users\\Jonas Notredame\\Documents\\SD_SEM_TWEE\\node.js\\cycling\\ti-eind-assignment-2223-project-NotredameJonas\\routes\\users.js": {"path":"C:\\Users\\Jonas Notredame\\Documents\\SD_SEM_TWEE\\node.js\\cycling\\ti-eind-assignment-2223-project-NotredameJonas\\routes\\users.js","statementMap":{"0":{"start":{"line":1,"column":17},"end":{"line":1,"column":36}},"1":{"start":{"line":2,"column":16},"end":{"line":2,"column":34}},"2":{"start":{"line":3,"column":15},"end":{"line":3,"column":31}},"3":{"start":{"line":4,"column":10},"end":{"line":4,"column":27}},"4":{"start":{"line":5,"column":15},"end":{"line":5,"column":32}},"5":{"start":{"line":6,"column":12},"end":{"line":6,"column":35}},"6":{"start":{"line":7,"column":13},"end":{"line":7,"column":42}},"7":{"start":{"line":9,"column":27},"end":{"line":9,"column":52}},"8":{"start":{"line":12,"column":0},"end":{"line":44,"column":3}},"9":{"start":{"line":13,"column":22},"end":{"line":13,"column":40}},"10":{"start":{"line":14,"column":4},"end":{"line":14,"column":69}},"11":{"start":{"line":14,"column":15},"end":{"line":14,"column":69}},"12":{"start":{"line":16,"column":4},"end":{"line":43,"column":7}},"13":{"start":{"line":17,"column":19},"end":{"line":17,"column":64}},"14":{"start":{"line":18,"column":8},"end":{"line":18,"column":69}},"15":{"start":{"line":18,"column":18},"end":{"line":18,"column":69}},"16":{"start":{"line":20,"column":8},"end":{"line":25,"column":11}},"17":{"start":{"line":27,"column":8},"end":{"line":28,"column":54}},"18":{"start":{"line":31,"column":21},"end":{"line":31,"column":45}},"19":{"start":{"line":32,"column":8},"end":{"line":32,"column":62}},"20":{"start":{"line":34,"column":8},"end":{"line":34,"column":26}},"21":{"start":{"line":37,"column":22},"end":{"line":37,"column":99}},"22":{"start":{"line":38,"column":8},"end":{"line":39,"column":34}},"23":{"start":{"line":42,"column":8},"end":{"line":42,"column":79}},"24":{"start":{"line":47,"column":0},"end":{"line":58,"column":6}},"25":{"start":{"line":48,"column":4},"end":{"line":56,"column":7}},"26":{"start":{"line":49,"column":21},"end":{"line":49,"column":74}},"27":{"start":{"line":50,"column":8},"end":{"line":50,"column":92}},"28":{"start":{"line":50,"column":19},"end":{"line":50,"column":92}},"29":{"start":{"line":52,"column":8},"end":{"line":52,"column":23}},"30":{"start":{"line":55,"column":8},"end":{"line":55,"column":81}},"31":{"start":{"line":60,"column":0},"end":{"line":60,"column":24}}},"fnMap":{"0":{"name":"(anonymous_0)","decl":{"start":{"line":12,"column":17},"end":{"line":12,"column":18}},"loc":{"start":{"line":12,"column":37},"end":{"line":44,"column":1}},"line":12},"1":{"name":"(anonymous_1)","decl":{"start":{"line":47,"column":24},"end":{"line":47,"column":25}},"loc":{"start":{"line":47,"column":44},"end":{"line":58,"column":4}},"line":47}},"branchMap":{"0":{"loc":{"start":{"line":14,"column":4},"end":{"line":14,"column":69}},"type":"if","locations":[{"start":{"line":14,"column":4},"end":{"line":14,"column":69}},{"start":{},"end":{}}],"line":14},"1":{"loc":{"start":{"line":18,"column":8},"end":{"line":18,"column":69}},"type":"if","locations":[{"start":{"line":18,"column":8},"end":{"line":18,"column":69}},{"start":{},"end":{}}],"line":18},"2":{"loc":{"start":{"line":50,"column":8},"end":{"line":50,"column":92}},"type":"if","locations":[{"start":{"line":50,"column":8},"end":{"line":50,"column":92}},{"start":{},"end":{}}],"line":50}},"s":{"0":5,"1":5,"2":5,"3":5,"4":5,"5":5,"6":5,"7":5,"8":5,"9":1,"10":1,"11":0,"12":1,"13":1,"14":1,"15":1,"16":0,"17":0,"18":0,"19":0,"20":0,"21":0,"22":0,"23":0,"24":5,"25":1,"26":1,"27":1,"28":0,"29":1,"30":0,"31":5},"f":{"0":1,"1":1},"b":{"0":[0,1],"1":[1,0],"2":[0,1]},"_coverageSchema":"1a1c01bbd47fc00a2c39e90264f33305004495a9","hash":"6b95c802474ed75ec053baed5dec0515247d357c"}
}
