TN:
SF:index.js
FN:20,(anonymous_0)
FN:21,(anonymous_1)
FN:32,(anonymous_2)
FNF:3
FNH:1
FNDA:5,(anonymous_0)
FNDA:0,(anonymous_1)
FNDA:0,(anonymous_2)
DA:1,5
DA:2,5
DA:3,5
DA:4,5
DA:6,5
DA:7,5
DA:8,5
DA:10,5
DA:11,5
DA:13,5
DA:16,5
DA:20,5
DA:21,0
DA:24,5
DA:26,5
DA:27,5
DA:28,5
DA:29,5
DA:30,5
DA:32,5
DA:33,0
DA:34,0
DA:37,5
LF:23
LH:20
BRF:0
BRH:0
end_of_record
TN:
SF:middleware\admin.js
FN:2,(anonymous_0)
FNF:1
FNH:1
FNDA:3,(anonymous_0)
DA:2,5
DA:3,3
DA:4,0
DA:6,3
LF:4
LH:3
BRDA:3,0,0,0
BRDA:3,0,1,3
BRF:2
BRH:1
end_of_record
TN:
SF:middleware\auth.js
FN:3,(anonymous_0)
FNF:1
FNH:1
FNDA:10,(anonymous_0)
DA:1,5
DA:3,5
DA:4,10
DA:5,10
DA:6,10
DA:7,10
DA:9,10
DA:10,10
DA:13,0
LF:9
LH:8
BRDA:5,0,0,0
BRDA:5,0,1,10
BRF:2
BRH:1
end_of_record
TN:
SF:models\race.js
FN:20,validateRace
FNF:1
FNH:1
FNDA:2,validateRace
DA:1,5
DA:2,5
DA:5,5
DA:18,5
DA:21,2
DA:26,2
DA:29,5
DA:30,5
DA:31,5
LF:9
LH:9
BRF:0
BRH:0
end_of_record
TN:
SF:models\rider.js
FN:28,validateRider
FNF:1
FNH:1
FNDA:2,validateRider
DA:1,5
DA:2,5
DA:3,5
DA:4,5
DA:5,5
DA:7,5
DA:29,2
DA:30,2
DA:36,2
DA:40,5
DA:41,5
LF:11
LH:11
BRF:0
BRH:0
end_of_record
TN:
SF:models\team.js
FN:24,validateTeam
FNF:1
FNH:1
FNDA:2,validateTeam
DA:1,5
DA:2,5
DA:5,5
DA:22,5
DA:25,2
DA:31,2
DA:34,5
DA:35,5
DA:36,5
LF:9
LH:9
BRF:0
BRH:0
end_of_record
TN:
SF:models\user.js
FN:27,(anonymous_0)
FN:34,validateUser
FNF:2
FNH:2
FNDA:1,(anonymous_0)
FNDA:1,validateUser
DA:1,5
DA:2,5
DA:3,5
DA:5,5
DA:27,5
DA:28,1
DA:29,1
DA:32,5
DA:35,1
DA:41,1
DA:44,5
DA:45,5
LF:12
LH:12
BRF:0
BRH:0
end_of_record
TN:
SF:routes\auth.js
FN:12,(anonymous_0)
FN:32,validate
FNF:2
FNH:2
FNDA:1,(anonymous_0)
FNDA:1,validate
DA:1,5
DA:2,5
DA:3,5
DA:4,5
DA:5,5
DA:6,5
DA:7,5
DA:9,5
DA:12,5
DA:13,1
DA:14,1
DA:16,1
DA:17,1
DA:18,1
DA:20,1
DA:21,1
DA:23,1
DA:25,1
DA:28,0
DA:33,1
DA:38,1
DA:41,5
LF:22
LH:21
BRDA:14,0,0,0
BRDA:14,0,1,1
BRDA:18,1,0,0
BRDA:18,1,1,1
BRDA:21,2,0,0
BRDA:21,2,1,1
BRF:6
BRH:3
end_of_record
TN:
SF:routes\races.js
FN:10,(anonymous_0)
FN:23,(anonymous_1)
FN:36,(anonymous_2)
FN:56,(anonymous_3)
FN:77,(anonymous_4)
FNF:5
FNH:5
FNDA:1,(anonymous_0)
FNDA:1,(anonymous_1)
FNDA:1,(anonymous_2)
FNDA:1,(anonymous_3)
FNDA:1,(anonymous_4)
DA:1,5
DA:2,5
DA:3,5
DA:4,5
DA:5,5
DA:7,5
DA:10,5
DA:11,1
DA:12,1
DA:13,1
DA:15,1
DA:18,0
DA:23,5
DA:24,1
DA:25,1
DA:26,1
DA:28,1
DA:31,0
DA:36,5
DA:37,1
DA:38,1
DA:40,1
DA:41,1
DA:46,1
DA:48,1
DA:51,0
DA:56,5
DA:57,1
DA:58,1
DA:60,1
DA:61,1
DA:67,1
DA:69,1
DA:72,0
DA:77,5
DA:78,1
DA:79,1
DA:80,1
DA:82,0
DA:85,0
DA:89,5
LF:41
LH:35
BRDA:13,0,0,0
BRDA:13,0,1,1
BRDA:26,1,0,0
BRDA:26,1,1,1
BRDA:38,2,0,0
BRDA:38,2,1,1
BRDA:58,3,0,0
BRDA:58,3,1,1
BRDA:67,4,0,0
BRDA:67,4,1,1
BRDA:80,5,0,1
BRDA:80,5,1,0
BRF:12
BRH:6
end_of_record
TN:
SF:routes\riders.js
FN:12,(anonymous_0)
FN:26,(anonymous_1)
FN:40,(anonymous_2)
FN:75,(anonymous_3)
FN:114,(anonymous_4)
FNF:5
FNH:5
FNDA:1,(anonymous_0)
FNDA:1,(anonymous_1)
FNDA:1,(anonymous_2)
FNDA:1,(anonymous_3)
FNDA:1,(anonymous_4)
DA:1,5
DA:2,5
DA:3,5
DA:4,5
DA:5,5
DA:7,5
DA:8,5
DA:9,5
DA:12,5
DA:13,1
DA:14,1
DA:15,1
DA:17,1
DA:20,0
DA:26,5
DA:27,1
DA:28,1
DA:29,1
DA:31,1
DA:34,0
DA:40,5
DA:41,1
DA:42,1
DA:43,1
DA:45,1
DA:46,1
DA:48,1
DA:49,1
DA:51,1
DA:66,1
DA:67,1
DA:69,0
DA:75,5
DA:76,1
DA:77,1
DA:78,1
DA:80,1
DA:81,1
DA:83,1
DA:84,1
DA:86,1
DA:104,1
DA:106,1
DA:108,0
DA:114,5
DA:115,1
DA:116,1
DA:117,1
DA:119,0
DA:122,0
DA:127,5
LF:51
LH:45
BRDA:15,0,0,0
BRDA:15,0,1,1
BRDA:29,1,0,0
BRDA:29,1,1,1
BRDA:43,2,0,0
BRDA:43,2,1,1
BRDA:46,3,0,0
BRDA:46,3,1,1
BRDA:49,4,0,0
BRDA:49,4,1,1
BRDA:78,5,0,0
BRDA:78,5,1,1
BRDA:81,6,0,0
BRDA:81,6,1,1
BRDA:84,7,0,0
BRDA:84,7,1,1
BRDA:104,8,0,0
BRDA:104,8,1,1
BRDA:117,9,0,1
BRDA:117,9,1,0
BRF:20
BRH:10
end_of_record
TN:
SF:routes\teams.js
FN:9,(anonymous_0)
FN:23,(anonymous_1)
FN:36,(anonymous_2)
FN:56,(anonymous_3)
FN:77,(anonymous_4)
FNF:5
FNH:5
FNDA:1,(anonymous_0)
FNDA:1,(anonymous_1)
FNDA:1,(anonymous_2)
FNDA:1,(anonymous_3)
FNDA:1,(anonymous_4)
DA:1,5
DA:2,5
DA:3,5
DA:4,5
DA:5,5
DA:6,5
DA:9,5
DA:10,1
DA:11,1
DA:12,1
DA:14,1
DA:17,0
DA:23,5
DA:24,1
DA:25,1
DA:26,1
DA:28,1
DA:31,0
DA:36,5
DA:37,1
DA:38,1
DA:40,1
DA:41,1
DA:46,1
DA:48,1
DA:51,0
DA:56,5
DA:57,1
DA:58,1
DA:60,1
DA:61,1
DA:67,1
DA:69,1
DA:72,0
DA:77,5
DA:78,1
DA:79,1
DA:80,1
DA:82,0
DA:85,0
DA:89,5
LF:41
LH:35
BRDA:12,0,0,0
BRDA:12,0,1,1
BRDA:26,1,0,0
BRDA:26,1,1,1
BRDA:38,2,0,0
BRDA:38,2,1,1
BRDA:58,3,0,0
BRDA:58,3,1,1
BRDA:67,4,0,0
BRDA:67,4,1,1
BRDA:80,5,0,1
BRDA:80,5,1,0
BRF:12
BRH:6
end_of_record
TN:
SF:routes\users.js
FN:12,(anonymous_0)
FN:47,(anonymous_1)
FNF:2
FNH:2
FNDA:1,(anonymous_0)
FNDA:1,(anonymous_1)
DA:1,5
DA:2,5
DA:3,5
DA:4,5
DA:5,5
DA:6,5
DA:7,5
DA:9,5
DA:12,5
DA:13,1
DA:14,1
DA:16,1
DA:17,1
DA:18,1
DA:20,0
DA:27,0
DA:31,0
DA:32,0
DA:34,0
DA:37,0
DA:38,0
DA:42,0
DA:47,5
DA:48,1
DA:49,1
DA:50,1
DA:52,1
DA:55,0
DA:60,5
LF:29
LH:20
BRDA:14,0,0,0
BRDA:14,0,1,1
BRDA:18,1,0,1
BRDA:18,1,1,0
BRDA:50,2,0,0
BRDA:50,2,1,1
BRF:6
BRH:3
end_of_record
